<?xml version="1.0" encoding="UTF-8"?>
<testsuite xmlns:xsi="http://www.w3.org/2001/XMLSchema-instance" xsi:noNamespaceSchemaLocation="https://maven.apache.org/surefire/maven-surefire-plugin/xsd/surefire-test-report.xsd" version="3.0.1" name="com.example.pradeep.AppTest" time="0.058" tests="1" errors="0" skipped="0" failures="0">
  <properties>
    <property name="java.specification.version" value="21"/>
    <property name="sun.cpu.isalist" value="amd64"/>
    <property name="sun.jnu.encoding" value="Cp1252"/>
    <property name="java.class.path" value="C:\Users\7JIN\Desktop\TownTable\pradeep\target\test-classes;C:\Users\7JIN\Desktop\TownTable\pradeep\target\classes;C:\Users\7JIN\.m2\repository\org\junit\jupiter\junit-jupiter-api\5.11.0\junit-jupiter-api-5.11.0.jar;C:\Users\7JIN\.m2\repository\org\opentest4j\opentest4j\1.3.0\opentest4j-1.3.0.jar;C:\Users\7JIN\.m2\repository\org\junit\platform\junit-platform-commons\1.11.0\junit-platform-commons-1.11.0.jar;C:\Users\7JIN\.m2\repository\org\apiguardian\apiguardian-api\1.1.2\apiguardian-api-1.1.2.jar;C:\Users\7JIN\.m2\repository\org\junit\jupiter\junit-jupiter-params\5.11.0\junit-jupiter-params-5.11.0.jar;"/>
    <property name="java.vm.vendor" value="Oracle Corporation"/>
    <property name="sun.arch.data.model" value="64"/>
    <property name="user.variant" value=""/>
    <property name="java.vendor.url" value="https://java.oracle.com/"/>
    <property name="user.timezone" value="Asia/Calcutta"/>
    <property name="os.name" value="Windows 11"/>
    <property name="java.vm.specification.version" value="21"/>
    <property name="sun.java.launcher" value="SUN_STANDARD"/>
    <property name="user.country" value="IN"/>
    <property name="sun.boot.library.path" value="C:\Users\7JIN\Downloads\jdk-21_windows-x64_bin\jdk-21.0.6\bin"/>
    <property name="sun.java.command" value="C:\Users\7JIN\AppData\Local\Temp\surefire6156983617395124533\surefirebooter-20250507214057904_3.jar C:\Users\7JIN\AppData\Local\Temp\surefire6156983617395124533 2025-05-07T21-40-57_486-jvmRun1 surefire-20250507214057904_1tmp surefire_0-20250507214057904_2tmp"/>
    <property name="jdk.debug" value="release"/>
    <property name="surefire.test.class.path" value="C:\Users\7JIN\Desktop\TownTable\pradeep\target\test-classes;C:\Users\7JIN\Desktop\TownTable\pradeep\target\classes;C:\Users\7JIN\.m2\repository\org\junit\jupiter\junit-jupiter-api\5.11.0\junit-jupiter-api-5.11.0.jar;C:\Users\7JIN\.m2\repository\org\opentest4j\opentest4j\1.3.0\opentest4j-1.3.0.jar;C:\Users\7JIN\.m2\repository\org\junit\platform\junit-platform-commons\1.11.0\junit-platform-commons-1.11.0.jar;C:\Users\7JIN\.m2\repository\org\apiguardian\apiguardian-api\1.1.2\apiguardian-api-1.1.2.jar;C:\Users\7JIN\.m2\repository\org\junit\jupiter\junit-jupiter-params\5.11.0\junit-jupiter-params-5.11.0.jar;"/>
    <property name="sun.cpu.endian" value="little"/>
    <property name="user.home" value="C:\Users\7JIN"/>
    <property name="user.language" value="en"/>
    <property name="java.specification.vendor" value="Oracle Corporation"/>
    <property name="java.version.date" value="2025-01-21"/>
    <property name="java.home" value="C:\Users\7JIN\Downloads\jdk-21_windows-x64_bin\jdk-21.0.6"/>
    <property name="file.separator" value="\"/>
    <property name="basedir" value="C:\Users\7JIN\Desktop\TownTable\pradeep"/>
    <property name="style.color" value="always"/>
    <property name="java.vm.compressedOopsMode" value="Zero based"/>
    <property name="line.separator" value="&#10;"/>
    <property name="java.vm.specification.vendor" value="Oracle Corporation"/>
    <property name="java.specification.name" value="Java Platform API Specification"/>
    <property name="surefire.real.class.path" value="C:\Users\7JIN\AppData\Local\Temp\surefire6156983617395124533\surefirebooter-20250507214057904_3.jar"/>
    <property name="user.script" value=""/>
    <property name="sun.management.compiler" value="HotSpot 64-Bit Tiered Compilers"/>
    <property name="java.runtime.version" value="21.0.6+8-LTS-188"/>
    <property name="user.name" value="7JIN"/>
    <property name="stdout.encoding" value="Cp1252"/>
    <property name="path.separator" value=";"/>
    <property name="os.version" value="10.0"/>
    <property name="java.runtime.name" value="Java(TM) SE Runtime Environment"/>
    <property name="file.encoding" value="UTF-8"/>
    <property name="java.vm.name" value="Java HotSpot(TM) 64-Bit Server VM"/>
    <property name="localRepository" value="C:\Users\7JIN\.m2\repository"/>
    <property name="java.vendor.url.bug" value="https://bugreport.java.com/bugreport/"/>
    <property name="java.io.tmpdir" value="C:\Users\7JIN\AppData\Local\Temp\"/>
    <property name="java.version" value="21.0.6"/>
    <property name="user.dir" value="C:\Users\7JIN\Desktop\TownTable\pradeep"/>
    <property name="os.arch" value="amd64"/>
    <property name="java.vm.specification.name" value="Java Virtual Machine Specification"/>
    <property name="sun.os.patch.level" value=""/>
    <property name="native.encoding" value="Cp1252"/>
    <property name="java.library.path" value="C:\Users\7JIN\Downloads\jdk-21_windows-x64_bin\jdk-21.0.6\bin;C:\Windows\Sun\Java\bin;C:\Windows\system32;C:\Windows;C:\Program Files\Common Files\Oracle\Java\javapath;C:\Windows\system32;C:\Windows;C:\Windows\System32\Wbem;C:\Windows\System32\WindowsPowerShell\v1.0\;C:\Windows\System32\OpenSSH\;C:\Program Files\MongoDB\Server\7.0\bin;C:\Program Files\nodejs\;C:\Program Files\MySQL\MySQL Server 9.1\bin;C:\xampp\mysql\bin;C:\OpenSSL-Win64;C:\Users\7JIN\Downloads\php-8.4.1-nts-Win32-vs17-x64;C:\Users\7JIN\Downloads\php\php.exe;C:\Program Files\Git\cmd;C:\Users\7JIN\Downloads\apache-maven-3.9.9-bin\apache-maven-3.9.9\bin;C:\Users\7JIN\Downloads\apache-tomcat-9.0.102-windows-x64\apache-tomcat-9.0.102\bin;C:\Users\7JIN\Downloads\gradle-8.13-bin\gradle-8.13\bin;C:\Users\7JIN\Downloads\jdk-21_windows-x64_bin\jdk-21.0.6\bin;C:\Users\7JIN\Downloads\ffmpeg-7.0.2-essentials_build\bin;C:\Users\7JIN\AppData\Local\Programs\Python\Python312\Scripts\;C:\Users\7JIN\AppData\Local\Programs\Python\Python312\;C:\Users\7JIN\AppData\Local\Programs\Python\Launcher\;C:\Users\7JIN\AppData\Local\Microsoft\WindowsApps;C:\Users\7JIN\AppData\Local\Programs\Microsoft VS Code\bin;C:\MinGW\bin;C:\Users\7JIN\AppData\Local\Programs\MiKTeX\miktex\bin\x64\;C:\Miktex\miktex\bin\x64\;C:\Users\7JIN\AppData\Local\Microsoft\WinGet\Packages\Schniz.fnm_Microsoft.Winget.Source_8wekyb3d8bbwe;C:\flutter\bin;C:\Users\7JIN\AppData\Roaming\npm;C:\Program Files\MySQL\MySQL Server 9.1\bin;C:\Users\7JIN\Downloads\gradle-8.13-bin\gradle-8.13\bin;C:\Users\7JIN\Downloads\jdk-21_windows-x64_bin\jdk-21.0.6\bin;;."/>
    <property name="java.vm.info" value="mixed mode, sharing"/>
    <property name="stderr.encoding" value="Cp1252"/>
    <property name="java.vendor" value="Oracle Corporation"/>
    <property name="java.vm.version" value="21.0.6+8-LTS-188"/>
    <property name="sun.io.unicode.encoding" value="UnicodeLittle"/>
    <property name="java.class.version" value="65.0"/>
  </properties>
  <testcase name="shouldAnswerWithTrue" classname="com.example.pradeep.AppTest" time="0.025"/>
</testsuite>